  Main.cpp
c:\users\eliot\desktop\university work\advanced games programming\marblemadness\marblemadness\spawner.h(8): error C2061: syntax error: identifier 'World'
c:\users\eliot\desktop\university work\advanced games programming\marblemadness\marblemadness\spawner.h(51): error C2143: syntax error: missing ';' before '*'
c:\users\eliot\desktop\university work\advanced games programming\marblemadness\marblemadness\spawner.h(51): error C4430: missing type specifier - int assumed. Note: C++ does not support default-int
c:\users\eliot\desktop\university work\advanced games programming\marblemadness\marblemadness\spawner.h(51): error C2238: unexpected token(s) preceding ';'
c:\users\eliot\desktop\university work\advanced games programming\marblemadness\marblemadness\spawner.h(8): error C2065: 'gameWorld': undeclared identifier
c:\users\eliot\desktop\university work\advanced games programming\marblemadness\marblemadness\spawner.h(8): error C2065: 'world': undeclared identifier
c:\users\eliot\desktop\university work\advanced games programming\marblemadness\marblemadness\spawner.h(18): error C2065: 'gameWorld': undeclared identifier
c:\users\eliot\desktop\university work\advanced games programming\marblemadness\marblemadness\spawner.h(18): error C2661: 'Wall::Wall': no overloaded function takes 3 arguments
c:\users\eliot\desktop\university work\advanced games programming\marblemadness\marblemadness\spawner.h(26): error C2065: 'gameWorld': undeclared identifier
c:\users\eliot\desktop\university work\advanced games programming\marblemadness\marblemadness\spawner.h(26): error C2661: 'Marble::Marble': no overloaded function takes 3 arguments
c:\users\eliot\desktop\university work\advanced games programming\marblemadness\marblemadness\textinterpreter.h(61): error C2276: '!': illegal operation on bound member function expression
c:\users\eliot\desktop\university work\advanced games programming\marblemadness\marblemadness\textinterpreter.h(118): error C3867: 'std::vector<float,std::allocator<_Ty>>::clear': non-standard syntax; use '&' to create a pointer to member
          with
          [
              _Ty=float
          ]
c:\users\eliot\desktop\university work\advanced games programming\marblemadness\marblemadness\textinterpreter.h(158): error C3867: 'std::vector<float,std::allocator<_Ty>>::clear': non-standard syntax; use '&' to create a pointer to member
          with
          [
              _Ty=float
          ]
c:\users\eliot\desktop\university work\advanced games programming\marblemadness\marblemadness\main.cpp(20): warning C4326: return type of 'main' should be 'int' instead of 'void'
c:\users\eliot\desktop\university work\advanced games programming\marblemadness\marblemadness\main.cpp(31): error C2664: 'GenericSpawner::GenericSpawner(const GenericSpawner &)': cannot convert argument 1 from 'World *' to 'const GenericSpawner &'
  c:\users\eliot\desktop\university work\advanced games programming\marblemadness\marblemadness\main.cpp(31): note: Reason: cannot convert from 'World *' to 'const GenericSpawner'
  c:\users\eliot\desktop\university work\advanced games programming\marblemadness\marblemadness\main.cpp(31): note: No constructor could take the source type, or constructor overload resolution was ambiguous
